{"obj": {"type": "AssignString", "path": ["sys", "name"], "value": "Untitled"}, "version": 1}
{"obj": {"type": "AssignString", "path": ["sys", "description"], "value": ""}, "version": 2}
{"obj": {"type": "AssignString", "path": ["sys", "hostname"], "value": "DESKTOP-J9LNDPA"}, "version": 3}
{"obj": {"type": "AssignBool", "path": ["sys", "failed"], "value": false}, "version": 4}
{"obj": {"type": "ClearStringLog", "path": ["monitoring", "stdout"]}, "version": 5}
{"obj": {"type": "ClearStringLog", "path": ["monitoring", "stderr"]}, "version": 6}
{"obj": {"type": "AssignString", "path": ["source_code", "entrypoint"], "value": "main.py"}, "version": 7}
{"obj": {"type": "UploadFileSet", "path": ["source_code", "files"], "file_globs": ["F:\\EarEEG_KnowledgeDistillation\\main.py"], "reset": "False"}, "version": 8}
{"obj": {"type": "ConfigFloatSeries", "path": ["monitoring", "cpu"], "min": 0.0, "max": 100.0, "unit": "%"}, "version": 9}
{"obj": {"type": "ClearFloatLog", "path": ["monitoring", "cpu"]}, "version": 10}
{"obj": {"type": "ConfigFloatSeries", "path": ["monitoring", "memory"], "min": 0.0, "max": 7.880100250244141, "unit": "GB"}, "version": 11}
{"obj": {"type": "ClearFloatLog", "path": ["monitoring", "memory"]}, "version": 12}
{"obj": {"type": "ConfigFloatSeries", "path": ["monitoring", "gpu"], "min": 0.0, "max": 100.0, "unit": "%"}, "version": 13}
{"obj": {"type": "ClearFloatLog", "path": ["monitoring", "gpu"]}, "version": 14}
{"obj": {"type": "ConfigFloatSeries", "path": ["monitoring", "gpu_memory"], "min": 0.0, "max": 2.0, "unit": "GB"}, "version": 15}
{"obj": {"type": "ClearFloatLog", "path": ["monitoring", "gpu_memory"]}, "version": 16}
{"obj": {"type": "AssignString", "path": ["model", "parameters", "Experiment"], "value": "KD online training"}, "version": 17}
{"obj": {"type": "AssignString", "path": ["model", "parameters", "Loss"], "value": "Categorical Crossentropy + MSE Loss"}, "version": 18}
{"obj": {"type": "AssignString", "path": ["model", "parameters", "Model Type"], "value": "USleep"}, "version": 19}
{"obj": {"type": "AssignInt", "path": ["model", "parameters", "depth"], "value": 12}, "version": 20}
{"obj": {"type": "AssignInt", "path": ["model", "parameters", "d_model"], "value": 256}, "version": 21}
{"obj": {"type": "AssignInt", "path": ["model", "parameters", "dim_feedforward"], "value": 1024}, "version": 22}
{"obj": {"type": "AssignInt", "path": ["model", "parameters", "window_size "], "value": 50}, "version": 23}
{"obj": {"type": "AssignInt", "path": ["model", "parameters", "Batch Size"], "value": 32}, "version": 24}
{"obj": {"type": "AssignString", "path": ["model", "parameters", "Optimizer"], "value": "Adam"}, "version": 25}
{"obj": {"type": "AssignFloat", "path": ["model", "parameters", "Learning Rate"], "value": 0.001}, "version": 26}
{"obj": {"type": "AssignFloat", "path": ["model", "parameters", "eps"], "value": 1e-09}, "version": 27}
{"obj": {"type": "AssignFloat", "path": ["model", "parameters", "Beta 1"], "value": 0.9}, "version": 28}
{"obj": {"type": "AssignFloat", "path": ["model", "parameters", "Beta 2"], "value": 0.999}, "version": 29}
{"obj": {"type": "AssignInt", "path": ["model", "parameters", "n_epochs"], "value": 100}, "version": 30}
{"obj": {"type": "AssignInt", "path": ["model", "parameters", "val_set"], "value": 9}, "version": 31}
{"obj": {"type": "AssignString", "path": ["model", "model_architecture"], "value": "USleep(\n  (encoder): Sequential(\n    (0): _EncoderBlock(\n      (block_prepool): Sequential(\n        (0): Conv1d(3, 6, kernel_size=(9,), stride=(1,), padding=same)\n        (1): ELU(alpha=1.0)\n        (2): BatchNorm1d(6, eps=1e-05, momentum=0.1, affine=True, track_running_stats=True)\n      )\n      (pad): ConstantPad1d(padding=(1, 1), value=0)\n      (maxpool): MaxPool1d(kernel_size=2, stride=2, padding=0, dilation=1, ceil_mode=False)\n    )\n    (1): _EncoderBlock(\n      (block_prepool): Sequential(\n        (0): Conv1d(6, 9, kernel_size=(9,), stride=(1,), padding=same)\n        (1): ELU(alpha=1.0)\n        (2): BatchNorm1d(9, eps=1e-05, momentum=0.1, affine=True, track_running_stats=True)\n      )\n      (pad): ConstantPad1d(padding=(1, 1), value=0)\n      (maxpool): MaxPool1d(kernel_size=2, stride=2, padding=0, dilation=1, ceil_mode=False)\n    )\n    (2): _EncoderBlock(\n      (block_prepool): Sequential(\n        (0): Conv1d(9, 11, kernel_size=(9,), stride=(1,), padding=same)\n        (1): ELU(alpha=1.0)\n        (2): BatchNorm1d(11, eps=1e-05, momentum=0.1, affine=True, track_running_stats=True)\n      )\n      (pad): ConstantPad1d(padding=(1, 1), value=0)\n      (maxpool): MaxPool1d(kernel_size=2, stride=2, padding=0, dilation=1, ceil_mode=False)\n    )\n    (3): _EncoderBlock(\n      (block_prepool): Sequential(\n        (0): Conv1d(11, 15, kernel_size=(9,), stride=(1,), padding=same)\n        (1): ELU(alpha=1.0)\n        (2): BatchNorm1d(15, eps=1e-05, momentum=0.1, affine=True, track_running_stats=True)\n      )\n      (pad): ConstantPad1d(padding=(1, 1), value=0)\n      (maxpool): MaxPool1d(kernel_size=2, stride=2, padding=0, dilation=1, ceil_mode=False)\n    )\n    (4): _EncoderBlock(\n      (block_prepool): Sequential(\n        (0): Conv1d(15, 20, kernel_size=(9,), stride=(1,), padding=same)\n        (1): ELU(alpha=1.0)\n        (2): BatchNorm1d(20, eps=1e-05, momentum=0.1, affine=True, track_running_stats=True)\n      )\n      (pad): ConstantPad1d(padding=(1, 1), value=0)\n      (maxpool): MaxPool1d(kernel_size=2, stride=2, padding=0, dilation=1, ceil_mode=False)\n    )\n    (5): _EncoderBlock(\n      (block_prepool): Sequential(\n        (0): Conv1d(20, 28, kernel_size=(9,), stride=(1,), padding=same)\n        (1): ELU(alpha=1.0)\n        (2): BatchNorm1d(28, eps=1e-05, momentum=0.1, affine=True, track_running_stats=True)\n      )\n      (pad): ConstantPad1d(padding=(1, 1), value=0)\n      (maxpool): MaxPool1d(kernel_size=2, stride=2, padding=0, dilation=1, ceil_mode=False)\n    )\n    (6): _EncoderBlock(\n      (block_prepool): Sequential(\n        (0): Conv1d(28, 40, kernel_size=(9,), stride=(1,), padding=same)\n        (1): ELU(alpha=1.0)\n        (2): BatchNorm1d(40, eps=1e-05, momentum=0.1, affine=True, track_running_stats=True)\n      )\n      (pad): ConstantPad1d(padding=(1, 1), value=0)\n      (maxpool): MaxPool1d(kernel_size=2, stride=2, padding=0, dilation=1, ceil_mode=False)\n    )\n    (7): _EncoderBlock(\n      (block_prepool): Sequential(\n        (0): Conv1d(40, 55, kernel_size=(9,), stride=(1,), padding=same)\n        (1): ELU(alpha=1.0)\n        (2): BatchNorm1d(55, eps=1e-05, momentum=0.1, affine=True, track_running_stats=True)\n      )\n      (pad): ConstantPad1d(padding=(1, 1), value=0)\n      (maxpool): MaxPool1d(kernel_size=2, stride=2, padding=0, dilation=1, ceil_mode=False)\n    )\n    (8): _EncoderBlock(\n      (block_prepool): Sequential(\n        (0): Conv1d(55, 77, kernel_size=(9,), stride=(1,), padding=same)\n        (1): ELU(alpha=1.0)\n        (2): BatchNorm1d(77, eps=1e-05, momentum=0.1, affine=True, track_running_stats=True)\n      )\n      (pad): ConstantPad1d(padding=(1, 1), value=0)\n      (maxpool): MaxPool1d(kernel_size=2, stride=2, padding=0, dilation=1, ceil_mode=False)\n    )\n    (9): _EncoderBlock(\n      (block_prepool): Sequential(\n        (0): Conv1d(77, 108, kernel_size=(9,), stride=(1,), padding=same)\n        (1): ELU(alpha=1.0)\n        (2): BatchNorm1d(108, eps=1e-05, momentum=0.1, affine=True, track_running_stats=True)\n      )\n      (pad): ConstantPad1d(padding=(1, 1), value=0)\n      (maxpool): MaxPool1d(kernel_size=2, stride=2, padding=0, dilation=1, ceil_mode=False)\n    )\n    (10): _EncoderBlock(\n      (block_prepool): Sequential(\n        (0): Conv1d(108, 152, kernel_size=(9,), stride=(1,), padding=same)\n        (1): ELU(alpha=1.0)\n        (2): BatchNorm1d(152, eps=1e-05, momentum=0.1, affine=True, track_running_stats=True)\n      )\n      (pad): ConstantPad1d(padding=(1, 1), value=0)\n      (maxpool): MaxPool1d(kernel_size=2, stride=2, padding=0, dilation=1, ceil_mode=False)\n    )\n    (11): _EncoderBlock(\n      (block_prepool): Sequential(\n        (0): Conv1d(152, 214, kernel_size=(9,), stride=(1,), padding=same)\n        (1): ELU(alpha=1.0)\n        (2): BatchNorm1d(214, eps=1e-05, momentum=0.1, affine=True, track_running_stats=True)\n      )\n      (pad): ConstantPad1d(padding=(1, 1), value=0)\n      (maxpool): MaxPool1d(kernel_size=2, stride=2, padding=0, dilation=1, ceil_mode=False)\n    )\n  )\n  (bottom): Sequential(\n    (0): Conv1d(214, 302, kernel_size=(9,), stride=(1,), padding=(4,))\n    (1): ELU(alpha=1.0)\n    (2): BatchNorm1d(302, eps=1e-05, momentum=0.1, affine=True, track_running_stats=True)\n  )\n  (decoder): Sequential(\n    (0): _DecoderBlock(\n      (block_preskip): Sequential(\n        (0): Upsample(scale_factor=2.0, mode=nearest)\n        (1): Conv1d(302, 214, kernel_size=(2,), stride=(1,), padding=same)\n        (2): ELU(alpha=1.0)\n        (3): BatchNorm1d(214, eps=1e-05, momentum=0.1, affine=True, track_running_stats=True)\n      )\n      (block_postskip): Sequential(\n        (0): Conv1d(428, 214, kernel_size=(9,), stride=(1,), padding=same)\n        (1): ELU(alpha=1.0)\n        (2): BatchNorm1d(214, eps=1e-05, momentum=0.1, affine=True, track_running_stats=True)\n      )\n    )\n    (1): _DecoderBlock(\n      (block_preskip): Sequential(\n        (0): Upsample(scale_factor=2.0, mode=nearest)\n        (1): Conv1d(214, 152, kernel_size=(2,), stride=(1,), padding=same)\n        (2): ELU(alpha=1.0)\n        (3): BatchNorm1d(152, eps=1e-05, momentum=0.1, affine=True, track_running_stats=True)\n      )\n      (block_postskip): Sequential(\n        (0): Conv1d(304, 152, kernel_size=(9,), stride=(1,), padding=same)\n        (1): ELU(alpha=1.0)\n        (2): BatchNorm1d(152, eps=1e-05, momentum=0.1, affine=True, track_running_stats=True)\n      )\n    )\n    (2): _DecoderBlock(\n      (block_preskip): Sequential(\n        (0): Upsample(scale_factor=2.0, mode=nearest)\n        (1): Conv1d(152, 108, kernel_size=(2,), stride=(1,), padding=same)\n        (2): ELU(alpha=1.0)\n        (3): BatchNorm1d(108, eps=1e-05, momentum=0.1, affine=True, track_running_stats=True)\n      )\n      (block_postskip): Sequential(\n        (0): Conv1d(216, 108, kernel_size=(9,), stride=(1,), padding=same)\n        (1): ELU(alpha=1.0)\n        (2): BatchNorm1d(108, eps=1e-05, momentum=0.1, affine=True, track_running_stats=True)\n      )\n    )\n    (3): _DecoderBlock(\n      (block_preskip): Sequential(\n        (0): Upsample(scale_factor=2.0, mode=nearest)\n        (1): Conv1d(108, 77, kernel_size=(2,), stride=(1,), padding=same)\n        (2): ELU(alpha=1.0)\n        (3): BatchNorm1d(77, eps=1e-05, momentum=0.1, affine=True, track_running_stats=True)\n      )\n      (block_postskip): Sequential(\n        (0): Conv1d(154, 77, kernel_size=(9,), stride=(1,), padding=same)\n        (1): ELU(alpha=1.0)\n        (2): BatchNorm1d(77, eps=1e-05, momentum=0.1, affine=True, track_running_stats=True)\n      )\n    )\n    (4): _DecoderBlock(\n      (block_preskip): Sequential(\n        (0): Upsample(scale_factor=2.0, mode=nearest)\n        (1): Conv1d(77, 55, kernel_size=(2,), stride=(1,), padding=same)\n        (2): ELU(alpha=1.0)\n        (3): BatchNorm1d(55, eps=1e-05, momentum=0.1, affine=True, track_running_stats=True)\n      )\n      (block_postskip): Sequential(\n        (0): Conv1d(110, 55, kernel_size=(9,), stride=(1,), padding=same)\n        (1): ELU(alpha=1.0)\n        (2): BatchNorm1d(55, eps=1e-05, momentum=0.1, affine=True, track_running_stats=True)\n      )\n    )\n    (5): _DecoderBlock(\n      (block_preskip): Sequential(\n        (0): Upsample(scale_factor=2.0, mode=nearest)\n        (1): Conv1d(55, 40, kernel_size=(2,), stride=(1,), padding=same)\n        (2): ELU(alpha=1.0)\n        (3): BatchNorm1d(40, eps=1e-05, momentum=0.1, affine=True, track_running_stats=True)\n      )\n      (block_postskip): Sequential(\n        (0): Conv1d(80, 40, kernel_size=(9,), stride=(1,), padding=same)\n        (1): ELU(alpha=1.0)\n        (2): BatchNorm1d(40, eps=1e-05, momentum=0.1, affine=True, track_running_stats=True)\n      )\n    )\n    (6): _DecoderBlock(\n      (block_preskip): Sequential(\n        (0): Upsample(scale_factor=2.0, mode=nearest)\n        (1): Conv1d(40, 28, kernel_size=(2,), stride=(1,), padding=same)\n        (2): ELU(alpha=1.0)\n        (3): BatchNorm1d(28, eps=1e-05, momentum=0.1, affine=True, track_running_stats=True)\n      )\n      (block_postskip): Sequential(\n        (0): Conv1d(56, 28, kernel_size=(9,), stride=(1,), padding=same)\n        (1): ELU(alpha=1.0)\n        (2): BatchNorm1d(28, eps=1e-05, momentum=0.1, affine=True, track_running_stats=True)\n      )\n    )\n    (7): _DecoderBlock(\n      (block_preskip): Sequential(\n        (0): Upsample(scale_factor=2.0, mode=nearest)\n        (1): Conv1d(28, 20, kernel_size=(2,), stride=(1,), padding=same)\n        (2): ELU(alpha=1.0)\n        (3): BatchNorm1d(20, eps=1e-05, momentum=0.1, affine=True, track_running_stats=True)\n      )\n      (block_postskip): Sequential(\n        (0): Conv1d(40, 20, kernel_size=(9,), stride=(1,), padding=same)\n        (1): ELU(alpha=1.0)\n        (2): BatchNorm1d(20, eps=1e-05, momentum=0.1, affine=True, track_running_stats=True)\n      )\n    )\n    (8): _DecoderBlock(\n      (block_preskip): Sequential(\n        (0): Upsample(scale_factor=2.0, mode=nearest)\n        (1): Conv1d(20, 15, kernel_size=(2,), stride=(1,), padding=same)\n        (2): ELU(alpha=1.0)\n        (3): BatchNorm1d(15, eps=1e-05, momentum=0.1, affine=True, track_running_stats=True)\n      )\n      (block_postskip): Sequential(\n        (0): Conv1d(30, 15, kernel_size=(9,), stride=(1,), padding=same)\n        (1): ELU(alpha=1.0)\n        (2): BatchNorm1d(15, eps=1e-05, momentum=0.1, affine=True, track_running_stats=True)\n      )\n    )\n    (9): _DecoderBlock(\n      (block_preskip): Sequential(\n        (0): Upsample(scale_factor=2.0, mode=nearest)\n        (1): Conv1d(15, 11, kernel_size=(2,), stride=(1,), padding=same)\n        (2): ELU(alpha=1.0)\n        (3): BatchNorm1d(11, eps=1e-05, momentum=0.1, affine=True, track_running_stats=True)\n      )\n      (block_postskip): Sequential(\n        (0): Conv1d(22, 11, kernel_size=(9,), stride=(1,), padding=same)\n        (1): ELU(alpha=1.0)\n        (2): BatchNorm1d(11, eps=1e-05, momentum=0.1, affine=True, track_running_stats=True)\n      )\n    )\n    (10): _DecoderBlock(\n      (block_preskip): Sequential(\n        (0): Upsample(scale_factor=2.0, mode=nearest)\n        (1): Conv1d(11, 9, kernel_size=(2,), stride=(1,), padding=same)\n        (2): ELU(alpha=1.0)\n        (3): BatchNorm1d(9, eps=1e-05, momentum=0.1, affine=True, track_running_stats=True)\n      )\n      (block_postskip): Sequential(\n        (0): Conv1d(18, 9, kernel_size=(9,), stride=(1,), padding=same)\n        (1): ELU(alpha=1.0)\n        (2): BatchNorm1d(9, eps=1e-05, momentum=0.1, affine=True, track_running_stats=True)\n      )\n    )\n    (11): _DecoderBlock(\n      (block_preskip): Sequential(\n        (0): Upsample(scale_factor=2.0, mode=nearest)\n        (1): Conv1d(9, 6, kernel_size=(2,), stride=(1,), padding=same)\n        (2): ELU(alpha=1.0)\n        (3): BatchNorm1d(6, eps=1e-05, momentum=0.1, affine=True, track_running_stats=True)\n      )\n      (block_postskip): Sequential(\n        (0): Conv1d(12, 6, kernel_size=(9,), stride=(1,), padding=same)\n        (1): ELU(alpha=1.0)\n        (2): BatchNorm1d(6, eps=1e-05, momentum=0.1, affine=True, track_running_stats=True)\n      )\n    )\n  )\n  (clf): Sequential(\n    (0): Conv1d(6, 6, kernel_size=(1,), stride=(1,))\n    (1): Tanh()\n    (2): AvgPool1d(kernel_size=(6000,), stride=(6000,), padding=(0,))\n    (3): Conv1d(6, 5, kernel_size=(1,), stride=(1,))\n    (4): ELU(alpha=1.0)\n    (5): Conv1d(5, 5, kernel_size=(1,), stride=(1,))\n    (6): Identity()\n  )\n)"}, "version": 32}
{"obj": {"type": "LogFloats", "path": ["monitoring", "cpu"], "values": [{"value": 21.7, "step": null, "ts": 1666309418.6614487}]}, "version": 33}
{"obj": {"type": "LogStrings", "path": ["monitoring", "stdout"], "values": [{"value": "===========================================================Training Epoch : [1/100] ===========================================================================================================>", "step": null, "ts": 1666309418.6815333}]}, "version": 34}
{"obj": {"type": "LogFloats", "path": ["monitoring", "memory"], "values": [{"value": 5.391613006591797, "step": null, "ts": 1666309418.6614487}]}, "version": 35}
{"obj": {"type": "LogFloats", "path": ["monitoring", "gpu_memory"], "values": [{"value": 0.082855224609375, "step": null, "ts": 1666309418.6614487}]}, "version": 36}
{"obj": {"type": "LogStrings", "path": ["monitoring", "stdout"], "values": [{"value": "\n", "step": null, "ts": 1666309418.6861167}]}, "version": 37}
{"obj": {"type": "LogFloats", "path": ["monitoring", "cpu"], "values": [{"value": 29.5, "step": null, "ts": 1666309428.6964424}]}, "version": 38}
{"obj": {"type": "LogFloats", "path": ["monitoring", "memory"], "values": [{"value": 6.668743133544922, "step": null, "ts": 1666309428.6964424}]}, "version": 39}
{"obj": {"type": "LogFloats", "path": ["monitoring", "gpu"], "values": [{"value": 4.0, "step": null, "ts": 1666309428.6964424}]}, "version": 40}
{"obj": {"type": "LogFloats", "path": ["monitoring", "gpu_memory"], "values": [{"value": 0.501983642578125, "step": null, "ts": 1666309428.6964424}]}, "version": 41}
{"obj": {"type": "LogFloats", "path": ["train", "epoch", "batch_t_loss"], "values": [{"value": 1.5768007040023804, "step": null, "ts": 1666309436.6745622}]}, "version": 42}
{"obj": {"type": "LogFloats", "path": ["train", "epoch", "batch_s_loss"], "values": [{"value": 3.624455451965332, "step": null, "ts": 1666309436.6745622}]}, "version": 43}
{"obj": {"type": "LogFloats", "path": ["train", "epoch", "batch_t_accuracy"], "values": [{"value": 0.0625, "step": null, "ts": 1666309436.6745622}]}, "version": 44}
{"obj": {"type": "LogFloats", "path": ["train", "epoch", "batch_s_accuracy"], "values": [{"value": 0.125, "step": null, "ts": 1666309436.6745622}]}, "version": 45}
{"obj": {"type": "LogFloats", "path": ["epoch"], "values": [{"value": 0.0, "step": null, "ts": 1666309436.6745622}]}, "version": 46}
{"obj": {"type": "LogStrings", "path": ["monitoring", "stdout"], "values": [{"value": "Epoch: [1/100][0/33]\tTrain_t_Loss 1.57680 (1.57680)\tTrain_s_Loss 3.62446 (3.62446)\tTrain_t_Acc 0.06250 (0.06250)\tTrain_s_Acc 0.12500 (0.12500)\tTrain_t_Kappa 0.00000(0.00000)\tTrain_s_Kappa 0.00000(0.00000)\tTime 17.988s (17.988s)\tSpeed 1.8 samples/s\tData 0.094s (0.094s)\t", "step": null, "ts": 1666309436.6745622}]}, "version": 47}
{"obj": {"type": "LogStrings", "path": ["monitoring", "stdout"], "values": [{"value": "\n", "step": null, "ts": 1666309436.6745622}]}, "version": 48}
{"obj": {"type": "LogFloats", "path": ["train", "epoch", "batch_t_loss"], "values": [{"value": 1.5687413215637207, "step": null, "ts": 1666309437.1247966}]}, "version": 49}
{"obj": {"type": "LogFloats", "path": ["train", "epoch", "batch_s_loss"], "values": [{"value": 3.625464916229248, "step": null, "ts": 1666309437.1247966}]}, "version": 50}
{"obj": {"type": "LogFloats", "path": ["train", "epoch", "batch_t_accuracy"], "values": [{"value": 0.03125, "step": null, "ts": 1666309437.1247966}]}, "version": 51}
{"obj": {"type": "LogFloats", "path": ["train", "epoch", "batch_s_accuracy"], "values": [{"value": 0.21875, "step": null, "ts": 1666309437.1247966}]}, "version": 52}
{"obj": {"type": "LogFloats", "path": ["epoch"], "values": [{"value": 0.0, "step": null, "ts": 1666309437.1247966}]}, "version": 53}
{"obj": {"type": "LogFloats", "path": ["train", "epoch", "batch_t_loss"], "values": [{"value": 1.5124571323394775, "step": null, "ts": 1666309437.630539}]}, "version": 54}
{"obj": {"type": "LogFloats", "path": ["train", "epoch", "batch_s_loss"], "values": [{"value": 3.524592876434326, "step": null, "ts": 1666309437.630539}]}, "version": 55}
{"obj": {"type": "LogFloats", "path": ["train", "epoch", "batch_t_accuracy"], "values": [{"value": 0.1875, "step": null, "ts": 1666309437.630539}]}, "version": 56}
{"obj": {"type": "LogFloats", "path": ["train", "epoch", "batch_s_accuracy"], "values": [{"value": 0.1875, "step": null, "ts": 1666309437.630539}]}, "version": 57}
{"obj": {"type": "LogFloats", "path": ["epoch"], "values": [{"value": 0.0, "step": null, "ts": 1666309437.630539}]}, "version": 58}
{"obj": {"type": "LogFloats", "path": ["train", "epoch", "batch_t_loss"], "values": [{"value": 1.6356394290924072, "step": null, "ts": 1666309438.0534058}]}, "version": 59}
{"obj": {"type": "LogFloats", "path": ["train", "epoch", "batch_s_loss"], "values": [{"value": 3.4603776931762695, "step": null, "ts": 1666309438.0534058}]}, "version": 60}
{"obj": {"type": "LogFloats", "path": ["train", "epoch", "batch_t_accuracy"], "values": [{"value": 0.125, "step": null, "ts": 1666309438.0534058}]}, "version": 61}
{"obj": {"type": "LogFloats", "path": ["train", "epoch", "batch_s_accuracy"], "values": [{"value": 0.46875, "step": null, "ts": 1666309438.0534058}]}, "version": 62}
{"obj": {"type": "LogFloats", "path": ["epoch"], "values": [{"value": 0.0, "step": null, "ts": 1666309438.0534058}]}, "version": 63}
{"obj": {"type": "LogFloats", "path": ["train", "epoch", "batch_t_loss"], "values": [{"value": 1.5924934148788452, "step": null, "ts": 1666309438.4882133}]}, "version": 64}
{"obj": {"type": "LogFloats", "path": ["train", "epoch", "batch_s_loss"], "values": [{"value": 3.490480661392212, "step": null, "ts": 1666309438.4882133}]}, "version": 65}
{"obj": {"type": "LogFloats", "path": ["train", "epoch", "batch_t_accuracy"], "values": [{"value": 0.34375, "step": null, "ts": 1666309438.4892132}]}, "version": 66}
{"obj": {"type": "LogFloats", "path": ["train", "epoch", "batch_s_accuracy"], "values": [{"value": 0.375, "step": null, "ts": 1666309438.4892132}]}, "version": 67}
{"obj": {"type": "LogFloats", "path": ["epoch"], "values": [{"value": 0.0, "step": null, "ts": 1666309438.4892132}]}, "version": 68}
{"obj": {"type": "LogFloats", "path": ["monitoring", "cpu"], "values": [{"value": 39.7, "step": null, "ts": 1666309438.7043378}]}, "version": 69}
{"obj": {"type": "LogFloats", "path": ["monitoring", "memory"], "values": [{"value": 7.1916046142578125, "step": null, "ts": 1666309438.7043378}]}, "version": 70}
{"obj": {"type": "LogFloats", "path": ["monitoring", "gpu"], "values": [{"value": 80.0, "step": null, "ts": 1666309438.7043378}]}, "version": 71}
{"obj": {"type": "LogFloats", "path": ["monitoring", "gpu_memory"], "values": [{"value": 1.2572174072265625, "step": null, "ts": 1666309438.7043378}]}, "version": 72}
{"obj": {"type": "LogFloats", "path": ["train", "epoch", "batch_t_loss"], "values": [{"value": 1.5226976871490479, "step": null, "ts": 1666309438.923151}]}, "version": 73}
{"obj": {"type": "LogFloats", "path": ["train", "epoch", "batch_s_loss"], "values": [{"value": 3.356649398803711, "step": null, "ts": 1666309438.924151}]}, "version": 74}
{"obj": {"type": "LogFloats", "path": ["train", "epoch", "batch_t_accuracy"], "values": [{"value": 0.25, "step": null, "ts": 1666309438.924151}]}, "version": 75}
{"obj": {"type": "LogFloats", "path": ["train", "epoch", "batch_s_accuracy"], "values": [{"value": 0.28125, "step": null, "ts": 1666309438.924151}]}, "version": 76}
{"obj": {"type": "LogFloats", "path": ["epoch"], "values": [{"value": 0.0, "step": null, "ts": 1666309438.924151}]}, "version": 77}
{"obj": {"type": "LogFloats", "path": ["train", "epoch", "batch_t_loss"], "values": [{"value": 1.5303115844726562, "step": null, "ts": 1666309439.3594103}]}, "version": 78}
{"obj": {"type": "LogFloats", "path": ["train", "epoch", "batch_s_loss"], "values": [{"value": 3.280550956726074, "step": null, "ts": 1666309439.3594103}]}, "version": 79}
{"obj": {"type": "LogFloats", "path": ["train", "epoch", "batch_t_accuracy"], "values": [{"value": 0.28125, "step": null, "ts": 1666309439.3594103}]}, "version": 80}
{"obj": {"type": "LogFloats", "path": ["train", "epoch", "batch_s_accuracy"], "values": [{"value": 0.375, "step": null, "ts": 1666309439.3594103}]}, "version": 81}
{"obj": {"type": "LogFloats", "path": ["epoch"], "values": [{"value": 0.0, "step": null, "ts": 1666309439.3594103}]}, "version": 82}
{"obj": {"type": "LogFloats", "path": ["train", "epoch", "batch_t_loss"], "values": [{"value": 1.4718514680862427, "step": null, "ts": 1666309439.7644956}]}, "version": 83}
{"obj": {"type": "LogFloats", "path": ["train", "epoch", "batch_s_loss"], "values": [{"value": 3.127945899963379, "step": null, "ts": 1666309439.7644956}]}, "version": 84}
{"obj": {"type": "LogFloats", "path": ["train", "epoch", "batch_t_accuracy"], "values": [{"value": 0.28125, "step": null, "ts": 1666309439.7644956}]}, "version": 85}
{"obj": {"type": "LogFloats", "path": ["train", "epoch", "batch_s_accuracy"], "values": [{"value": 0.375, "step": null, "ts": 1666309439.7644956}]}, "version": 86}
{"obj": {"type": "LogFloats", "path": ["epoch"], "values": [{"value": 0.0, "step": null, "ts": 1666309439.7644956}]}, "version": 87}
{"obj": {"type": "LogFloats", "path": ["train", "epoch", "batch_t_loss"], "values": [{"value": 1.4594330787658691, "step": null, "ts": 1666309440.1868165}]}, "version": 88}
{"obj": {"type": "LogFloats", "path": ["train", "epoch", "batch_s_loss"], "values": [{"value": 3.1298375129699707, "step": null, "ts": 1666309440.1868165}]}, "version": 89}
{"obj": {"type": "LogFloats", "path": ["train", "epoch", "batch_t_accuracy"], "values": [{"value": 0.25, "step": null, "ts": 1666309440.1868165}]}, "version": 90}
{"obj": {"type": "LogFloats", "path": ["train", "epoch", "batch_s_accuracy"], "values": [{"value": 0.3125, "step": null, "ts": 1666309440.1868165}]}, "version": 91}
{"obj": {"type": "LogFloats", "path": ["epoch"], "values": [{"value": 0.0, "step": null, "ts": 1666309440.1868165}]}, "version": 92}
{"obj": {"type": "LogFloats", "path": ["train", "epoch", "batch_t_loss"], "values": [{"value": 1.4935412406921387, "step": null, "ts": 1666309440.5905156}]}, "version": 93}
{"obj": {"type": "LogFloats", "path": ["train", "epoch", "batch_s_loss"], "values": [{"value": 3.165884256362915, "step": null, "ts": 1666309440.5905156}]}, "version": 94}
{"obj": {"type": "LogFloats", "path": ["train", "epoch", "batch_t_accuracy"], "values": [{"value": 0.3125, "step": null, "ts": 1666309440.5915134}]}, "version": 95}
{"obj": {"type": "LogFloats", "path": ["train", "epoch", "batch_s_accuracy"], "values": [{"value": 0.125, "step": null, "ts": 1666309440.5915134}]}, "version": 96}
{"obj": {"type": "LogFloats", "path": ["epoch"], "values": [{"value": 0.0, "step": null, "ts": 1666309440.5915134}]}, "version": 97}
{"obj": {"type": "LogFloats", "path": ["train", "epoch", "batch_t_loss"], "values": [{"value": 1.4740978479385376, "step": null, "ts": 1666309440.9830613}]}, "version": 98}
{"obj": {"type": "LogFloats", "path": ["train", "epoch", "batch_s_loss"], "values": [{"value": 2.8949360847473145, "step": null, "ts": 1666309440.9830613}]}, "version": 99}
{"obj": {"type": "LogFloats", "path": ["train", "epoch", "batch_t_accuracy"], "values": [{"value": 0.40625, "step": null, "ts": 1666309440.9830613}]}, "version": 100}
{"obj": {"type": "LogFloats", "path": ["train", "epoch", "batch_s_accuracy"], "values": [{"value": 0.3125, "step": null, "ts": 1666309440.9830613}]}, "version": 101}
{"obj": {"type": "LogFloats", "path": ["epoch"], "values": [{"value": 0.0, "step": null, "ts": 1666309440.9986863}]}, "version": 102}
{"obj": {"type": "LogFloats", "path": ["train", "epoch", "batch_t_loss"], "values": [{"value": 1.6215966939926147, "step": null, "ts": 1666309441.455489}]}, "version": 103}
{"obj": {"type": "LogFloats", "path": ["train", "epoch", "batch_s_loss"], "values": [{"value": 3.0858559608459473, "step": null, "ts": 1666309441.455489}]}, "version": 104}
{"obj": {"type": "LogFloats", "path": ["train", "epoch", "batch_t_accuracy"], "values": [{"value": 0.21875, "step": null, "ts": 1666309441.455489}]}, "version": 105}
{"obj": {"type": "LogFloats", "path": ["train", "epoch", "batch_s_accuracy"], "values": [{"value": 0.3125, "step": null, "ts": 1666309441.455489}]}, "version": 106}
{"obj": {"type": "LogFloats", "path": ["epoch"], "values": [{"value": 0.0, "step": null, "ts": 1666309441.455489}]}, "version": 107}
{"obj": {"type": "LogFloats", "path": ["train", "epoch", "batch_t_loss"], "values": [{"value": 1.4731547832489014, "step": null, "ts": 1666309441.8973696}]}, "version": 108}
{"obj": {"type": "LogFloats", "path": ["train", "epoch", "batch_s_loss"], "values": [{"value": 2.872866153717041, "step": null, "ts": 1666309441.8973696}]}, "version": 109}
{"obj": {"type": "LogFloats", "path": ["train", "epoch", "batch_t_accuracy"], "values": [{"value": 0.375, "step": null, "ts": 1666309441.8973696}]}, "version": 110}
{"obj": {"type": "LogFloats", "path": ["train", "epoch", "batch_s_accuracy"], "values": [{"value": 0.34375, "step": null, "ts": 1666309441.8973696}]}, "version": 111}
{"obj": {"type": "LogFloats", "path": ["epoch"], "values": [{"value": 0.0, "step": null, "ts": 1666309441.8973696}]}, "version": 112}
{"obj": {"type": "LogFloats", "path": ["train", "epoch", "batch_t_loss"], "values": [{"value": 1.4711174964904785, "step": null, "ts": 1666309442.3218517}]}, "version": 113}
{"obj": {"type": "LogFloats", "path": ["train", "epoch", "batch_s_loss"], "values": [{"value": 2.7340402603149414, "step": null, "ts": 1666309442.3228521}]}, "version": 114}
{"obj": {"type": "LogFloats", "path": ["train", "epoch", "batch_t_accuracy"], "values": [{"value": 0.4375, "step": null, "ts": 1666309442.3228521}]}, "version": 115}
{"obj": {"type": "LogFloats", "path": ["train", "epoch", "batch_s_accuracy"], "values": [{"value": 0.40625, "step": null, "ts": 1666309442.3228521}]}, "version": 116}
{"obj": {"type": "LogFloats", "path": ["epoch"], "values": [{"value": 0.0, "step": null, "ts": 1666309442.3228521}]}, "version": 117}
{"obj": {"type": "LogFloats", "path": ["train", "epoch", "batch_t_loss"], "values": [{"value": 1.530151128768921, "step": null, "ts": 1666309442.7890906}]}, "version": 118}
{"obj": {"type": "LogFloats", "path": ["train", "epoch", "batch_s_loss"], "values": [{"value": 3.0211758613586426, "step": null, "ts": 1666309442.7890906}]}, "version": 119}
{"obj": {"type": "LogFloats", "path": ["train", "epoch", "batch_t_accuracy"], "values": [{"value": 0.3125, "step": null, "ts": 1666309442.7890906}]}, "version": 120}
{"obj": {"type": "LogFloats", "path": ["train", "epoch", "batch_s_accuracy"], "values": [{"value": 0.21875, "step": null, "ts": 1666309442.7890906}]}, "version": 121}
{"obj": {"type": "LogFloats", "path": ["epoch"], "values": [{"value": 0.0, "step": null, "ts": 1666309442.7890906}]}, "version": 122}
{"obj": {"type": "LogFloats", "path": ["train", "epoch", "batch_t_loss"], "values": [{"value": 1.4949320554733276, "step": null, "ts": 1666309443.2543244}]}, "version": 123}
{"obj": {"type": "LogFloats", "path": ["train", "epoch", "batch_s_loss"], "values": [{"value": 2.7129945755004883, "step": null, "ts": 1666309443.2543244}]}, "version": 124}
{"obj": {"type": "LogFloats", "path": ["train", "epoch", "batch_t_accuracy"], "values": [{"value": 0.3125, "step": null, "ts": 1666309443.2543244}]}, "version": 125}
{"obj": {"type": "LogFloats", "path": ["train", "epoch", "batch_s_accuracy"], "values": [{"value": 0.34375, "step": null, "ts": 1666309443.2543244}]}, "version": 126}
{"obj": {"type": "LogFloats", "path": ["epoch"], "values": [{"value": 0.0, "step": null, "ts": 1666309443.2543244}]}, "version": 127}
{"obj": {"type": "LogFloats", "path": ["train", "epoch", "batch_t_loss"], "values": [{"value": 1.4760758876800537, "step": null, "ts": 1666309443.7120142}]}, "version": 128}
{"obj": {"type": "LogFloats", "path": ["train", "epoch", "batch_s_loss"], "values": [{"value": 2.945490598678589, "step": null, "ts": 1666309443.7120142}]}, "version": 129}
{"obj": {"type": "LogFloats", "path": ["train", "epoch", "batch_t_accuracy"], "values": [{"value": 0.4375, "step": null, "ts": 1666309443.7120142}]}, "version": 130}
{"obj": {"type": "LogFloats", "path": ["train", "epoch", "batch_s_accuracy"], "values": [{"value": 0.21875, "step": null, "ts": 1666309443.7120142}]}, "version": 131}
{"obj": {"type": "LogFloats", "path": ["epoch"], "values": [{"value": 0.0, "step": null, "ts": 1666309443.7120142}]}, "version": 132}
{"obj": {"type": "LogFloats", "path": ["train", "epoch", "batch_t_loss"], "values": [{"value": 1.582705020904541, "step": null, "ts": 1666309444.162189}]}, "version": 133}
{"obj": {"type": "LogFloats", "path": ["train", "epoch", "batch_s_loss"], "values": [{"value": 2.80704402923584, "step": null, "ts": 1666309444.162189}]}, "version": 134}
{"obj": {"type": "LogFloats", "path": ["train", "epoch", "batch_t_accuracy"], "values": [{"value": 0.28125, "step": null, "ts": 1666309444.162189}]}, "version": 135}
{"obj": {"type": "LogFloats", "path": ["train", "epoch", "batch_s_accuracy"], "values": [{"value": 0.34375, "step": null, "ts": 1666309444.163185}]}, "version": 136}
{"obj": {"type": "LogFloats", "path": ["epoch"], "values": [{"value": 0.0, "step": null, "ts": 1666309444.163185}]}, "version": 137}
{"obj": {"type": "LogFloats", "path": ["train", "epoch", "batch_t_loss"], "values": [{"value": 1.4617024660110474, "step": null, "ts": 1666309444.654219}]}, "version": 138}
{"obj": {"type": "LogFloats", "path": ["train", "epoch", "batch_s_loss"], "values": [{"value": 2.6324620246887207, "step": null, "ts": 1666309444.654219}]}, "version": 139}
{"obj": {"type": "LogFloats", "path": ["train", "epoch", "batch_t_accuracy"], "values": [{"value": 0.3125, "step": null, "ts": 1666309444.654219}]}, "version": 140}
{"obj": {"type": "LogFloats", "path": ["train", "epoch", "batch_s_accuracy"], "values": [{"value": 0.40625, "step": null, "ts": 1666309444.654219}]}, "version": 141}
{"obj": {"type": "LogFloats", "path": ["epoch"], "values": [{"value": 0.0, "step": null, "ts": 1666309444.6552186}]}, "version": 142}
{"obj": {"type": "LogFloats", "path": ["train", "epoch", "batch_t_loss"], "values": [{"value": 1.4417213201522827, "step": null, "ts": 1666309445.1209943}]}, "version": 143}
{"obj": {"type": "LogFloats", "path": ["train", "epoch", "batch_s_loss"], "values": [{"value": 2.57368540763855, "step": null, "ts": 1666309445.1209943}]}, "version": 144}
{"obj": {"type": "LogFloats", "path": ["train", "epoch", "batch_t_accuracy"], "values": [{"value": 0.4375, "step": null, "ts": 1666309445.1209943}]}, "version": 145}
{"obj": {"type": "LogFloats", "path": ["train", "epoch", "batch_s_accuracy"], "values": [{"value": 0.46875, "step": null, "ts": 1666309445.1209943}]}, "version": 146}
{"obj": {"type": "LogFloats", "path": ["epoch"], "values": [{"value": 0.0, "step": null, "ts": 1666309445.1209943}]}, "version": 147}
{"obj": {"type": "LogFloats", "path": ["train", "epoch", "batch_t_loss"], "values": [{"value": 1.4141751527786255, "step": null, "ts": 1666309445.616018}]}, "version": 148}
{"obj": {"type": "LogFloats", "path": ["train", "epoch", "batch_s_loss"], "values": [{"value": 2.6086459159851074, "step": null, "ts": 1666309445.616018}]}, "version": 149}
{"obj": {"type": "LogFloats", "path": ["train", "epoch", "batch_t_accuracy"], "values": [{"value": 0.53125, "step": null, "ts": 1666309445.616018}]}, "version": 150}
{"obj": {"type": "LogFloats", "path": ["train", "epoch", "batch_s_accuracy"], "values": [{"value": 0.4375, "step": null, "ts": 1666309445.616018}]}, "version": 151}
{"obj": {"type": "LogFloats", "path": ["epoch"], "values": [{"value": 0.0, "step": null, "ts": 1666309445.6170185}]}, "version": 152}
{"obj": {"type": "LogFloats", "path": ["train", "epoch", "batch_t_loss"], "values": [{"value": 1.4727730751037598, "step": null, "ts": 1666309446.0570235}]}, "version": 153}
{"obj": {"type": "LogFloats", "path": ["train", "epoch", "batch_s_loss"], "values": [{"value": 2.60862398147583, "step": null, "ts": 1666309446.0570235}]}, "version": 154}
{"obj": {"type": "LogFloats", "path": ["train", "epoch", "batch_t_accuracy"], "values": [{"value": 0.3125, "step": null, "ts": 1666309446.0570235}]}, "version": 155}
{"obj": {"type": "LogFloats", "path": ["train", "epoch", "batch_s_accuracy"], "values": [{"value": 0.28125, "step": null, "ts": 1666309446.0570235}]}, "version": 156}
{"obj": {"type": "LogFloats", "path": ["epoch"], "values": [{"value": 0.0, "step": null, "ts": 1666309446.0570235}]}, "version": 157}
{"obj": {"type": "LogFloats", "path": ["train", "epoch", "batch_t_loss"], "values": [{"value": 1.4472254514694214, "step": null, "ts": 1666309446.5183141}]}, "version": 158}
{"obj": {"type": "LogFloats", "path": ["train", "epoch", "batch_s_loss"], "values": [{"value": 2.585179328918457, "step": null, "ts": 1666309446.5183141}]}, "version": 159}
{"obj": {"type": "LogFloats", "path": ["train", "epoch", "batch_t_accuracy"], "values": [{"value": 0.375, "step": null, "ts": 1666309446.5183141}]}, "version": 160}
{"obj": {"type": "LogFloats", "path": ["train", "epoch", "batch_s_accuracy"], "values": [{"value": 0.375, "step": null, "ts": 1666309446.5183141}]}, "version": 161}
{"obj": {"type": "LogFloats", "path": ["epoch"], "values": [{"value": 0.0, "step": null, "ts": 1666309446.5183141}]}, "version": 162}
{"obj": {"type": "LogFloats", "path": ["train", "epoch", "batch_t_loss"], "values": [{"value": 1.4669106006622314, "step": null, "ts": 1666309446.9230187}]}, "version": 163}
{"obj": {"type": "LogFloats", "path": ["train", "epoch", "batch_s_loss"], "values": [{"value": 2.5667011737823486, "step": null, "ts": 1666309446.9230187}]}, "version": 164}
{"obj": {"type": "LogFloats", "path": ["train", "epoch", "batch_t_accuracy"], "values": [{"value": 0.375, "step": null, "ts": 1666309446.9230187}]}, "version": 165}
{"obj": {"type": "LogFloats", "path": ["train", "epoch", "batch_s_accuracy"], "values": [{"value": 0.40625, "step": null, "ts": 1666309446.9230187}]}, "version": 166}
{"obj": {"type": "LogFloats", "path": ["epoch"], "values": [{"value": 0.0, "step": null, "ts": 1666309446.9230187}]}, "version": 167}
{"obj": {"type": "LogFloats", "path": ["train", "epoch", "batch_t_loss"], "values": [{"value": 1.4160609245300293, "step": null, "ts": 1666309447.3261538}]}, "version": 168}
{"obj": {"type": "LogFloats", "path": ["train", "epoch", "batch_s_loss"], "values": [{"value": 2.6633312702178955, "step": null, "ts": 1666309447.3261538}]}, "version": 169}
{"obj": {"type": "LogFloats", "path": ["train", "epoch", "batch_t_accuracy"], "values": [{"value": 0.4375, "step": null, "ts": 1666309447.3261538}]}, "version": 170}
{"obj": {"type": "LogFloats", "path": ["train", "epoch", "batch_s_accuracy"], "values": [{"value": 0.21875, "step": null, "ts": 1666309447.3261538}]}, "version": 171}
{"obj": {"type": "LogFloats", "path": ["epoch"], "values": [{"value": 0.0, "step": null, "ts": 1666309447.3261538}]}, "version": 172}
{"obj": {"type": "LogFloats", "path": ["train", "epoch", "batch_t_loss"], "values": [{"value": 1.4482719898223877, "step": null, "ts": 1666309447.736953}]}, "version": 173}
{"obj": {"type": "LogFloats", "path": ["train", "epoch", "batch_s_loss"], "values": [{"value": 2.6557869911193848, "step": null, "ts": 1666309447.737953}]}, "version": 174}
{"obj": {"type": "LogFloats", "path": ["train", "epoch", "batch_t_accuracy"], "values": [{"value": 0.40625, "step": null, "ts": 1666309447.737953}]}, "version": 175}
{"obj": {"type": "LogFloats", "path": ["train", "epoch", "batch_s_accuracy"], "values": [{"value": 0.46875, "step": null, "ts": 1666309447.737953}]}, "version": 176}
{"obj": {"type": "LogFloats", "path": ["epoch"], "values": [{"value": 0.0, "step": null, "ts": 1666309447.737953}]}, "version": 177}
{"obj": {"type": "LogFloats", "path": ["train", "epoch", "batch_t_loss"], "values": [{"value": 1.49100661277771, "step": null, "ts": 1666309448.19809}]}, "version": 178}
{"obj": {"type": "LogFloats", "path": ["train", "epoch", "batch_s_loss"], "values": [{"value": 2.73457670211792, "step": null, "ts": 1666309448.19809}]}, "version": 179}
{"obj": {"type": "LogFloats", "path": ["train", "epoch", "batch_t_accuracy"], "values": [{"value": 0.28125, "step": null, "ts": 1666309448.19809}]}, "version": 180}
{"obj": {"type": "LogFloats", "path": ["train", "epoch", "batch_s_accuracy"], "values": [{"value": 0.21875, "step": null, "ts": 1666309448.19809}]}, "version": 181}
{"obj": {"type": "LogFloats", "path": ["epoch"], "values": [{"value": 0.0, "step": null, "ts": 1666309448.19809}]}, "version": 182}
{"obj": {"type": "LogFloats", "path": ["train", "epoch", "batch_t_loss"], "values": [{"value": 1.4817917346954346, "step": null, "ts": 1666309448.6057258}]}, "version": 183}
{"obj": {"type": "LogFloats", "path": ["train", "epoch", "batch_s_loss"], "values": [{"value": 2.748976707458496, "step": null, "ts": 1666309448.6060905}]}, "version": 184}
{"obj": {"type": "LogFloats", "path": ["train", "epoch", "batch_t_accuracy"], "values": [{"value": 0.34375, "step": null, "ts": 1666309448.6060905}]}, "version": 185}
{"obj": {"type": "LogFloats", "path": ["train", "epoch", "batch_s_accuracy"], "values": [{"value": 0.34375, "step": null, "ts": 1666309448.6060905}]}, "version": 186}
{"obj": {"type": "LogFloats", "path": ["epoch"], "values": [{"value": 0.0, "step": null, "ts": 1666309448.6060905}]}, "version": 187}
{"obj": {"type": "LogFloats", "path": ["monitoring", "cpu"], "values": [{"value": 54.5, "step": null, "ts": 1666309448.715901}]}, "version": 188}
{"obj": {"type": "LogFloats", "path": ["monitoring", "memory"], "values": [{"value": 7.151592254638672, "step": null, "ts": 1666309448.715901}]}, "version": 189}
{"obj": {"type": "LogFloats", "path": ["monitoring", "gpu"], "values": [{"value": 82.0, "step": null, "ts": 1666309448.715901}]}, "version": 190}
{"obj": {"type": "LogFloats", "path": ["monitoring", "gpu_memory"], "values": [{"value": 1.2398223876953125, "step": null, "ts": 1666309448.715901}]}, "version": 191}
{"obj": {"type": "LogFloats", "path": ["train", "epoch", "batch_t_loss"], "values": [{"value": 1.4468878507614136, "step": null, "ts": 1666309449.1378956}]}, "version": 192}
{"obj": {"type": "LogFloats", "path": ["train", "epoch", "batch_s_loss"], "values": [{"value": 2.706686019897461, "step": null, "ts": 1666309449.1378956}]}, "version": 193}
{"obj": {"type": "LogFloats", "path": ["train", "epoch", "batch_t_accuracy"], "values": [{"value": 0.375, "step": null, "ts": 1666309449.1378956}]}, "version": 194}
{"obj": {"type": "LogFloats", "path": ["train", "epoch", "batch_s_accuracy"], "values": [{"value": 0.40625, "step": null, "ts": 1666309449.1378956}]}, "version": 195}
{"obj": {"type": "LogFloats", "path": ["epoch"], "values": [{"value": 0.0, "step": null, "ts": 1666309449.1378956}]}, "version": 196}
{"obj": {"type": "LogFloats", "path": ["train", "epoch", "batch_t_loss"], "values": [{"value": 1.4333245754241943, "step": null, "ts": 1666309449.5960264}]}, "version": 197}
{"obj": {"type": "LogFloats", "path": ["train", "epoch", "batch_s_loss"], "values": [{"value": 2.6249237060546875, "step": null, "ts": 1666309449.5960264}]}, "version": 198}
{"obj": {"type": "LogFloats", "path": ["train", "epoch", "batch_t_accuracy"], "values": [{"value": 0.34375, "step": null, "ts": 1666309449.5960264}]}, "version": 199}
{"obj": {"type": "LogFloats", "path": ["train", "epoch", "batch_s_accuracy"], "values": [{"value": 0.375, "step": null, "ts": 1666309449.5970273}]}, "version": 200}
{"obj": {"type": "LogFloats", "path": ["epoch"], "values": [{"value": 0.0, "step": null, "ts": 1666309449.5970273}]}, "version": 201}
{"obj": {"type": "LogFloats", "path": ["train", "epoch", "batch_t_loss"], "values": [{"value": 1.4665381908416748, "step": null, "ts": 1666309450.111119}]}, "version": 202}
{"obj": {"type": "LogFloats", "path": ["train", "epoch", "batch_s_loss"], "values": [{"value": 2.632316827774048, "step": null, "ts": 1666309450.111119}]}, "version": 203}
{"obj": {"type": "LogFloats", "path": ["train", "epoch", "batch_t_accuracy"], "values": [{"value": 0.40625, "step": null, "ts": 1666309450.112096}]}, "version": 204}
{"obj": {"type": "LogFloats", "path": ["train", "epoch", "batch_s_accuracy"], "values": [{"value": 0.4375, "step": null, "ts": 1666309450.112096}]}, "version": 205}
{"obj": {"type": "LogFloats", "path": ["epoch"], "values": [{"value": 0.0, "step": null, "ts": 1666309450.112096}]}, "version": 206}
{"obj": {"type": "LogFloats", "path": ["train", "epoch", "batch_t_loss"], "values": [{"value": 1.4006733894348145, "step": null, "ts": 1666309450.5389223}]}, "version": 207}
{"obj": {"type": "LogFloats", "path": ["train", "epoch", "batch_s_loss"], "values": [{"value": 2.643463611602783, "step": null, "ts": 1666309450.5389223}]}, "version": 208}
{"obj": {"type": "LogFloats", "path": ["train", "epoch", "batch_t_accuracy"], "values": [{"value": 0.4375, "step": null, "ts": 1666309450.5389223}]}, "version": 209}
{"obj": {"type": "LogFloats", "path": ["train", "epoch", "batch_s_accuracy"], "values": [{"value": 0.3125, "step": null, "ts": 1666309450.5389223}]}, "version": 210}
{"obj": {"type": "LogFloats", "path": ["epoch"], "values": [{"value": 0.0, "step": null, "ts": 1666309450.5389223}]}, "version": 211}
{"obj": {"type": "LogFloats", "path": ["train", "epoch", "batch_t_loss"], "values": [{"value": 1.3697419166564941, "step": null, "ts": 1666309453.1552641}]}, "version": 212}
{"obj": {"type": "LogFloats", "path": ["train", "epoch", "batch_s_loss"], "values": [{"value": 2.659289598464966, "step": null, "ts": 1666309453.1552641}]}, "version": 213}
{"obj": {"type": "LogFloats", "path": ["train", "epoch", "batch_t_accuracy"], "values": [{"value": 0.6666666666666666, "step": null, "ts": 1666309453.156263}]}, "version": 214}
{"obj": {"type": "LogFloats", "path": ["train", "epoch", "batch_s_accuracy"], "values": [{"value": 0.4, "step": null, "ts": 1666309453.156263}]}, "version": 215}
{"obj": {"type": "LogFloats", "path": ["epoch"], "values": [{"value": 0.0, "step": null, "ts": 1666309453.156263}]}, "version": 216}
{"obj": {"type": "LogStrings", "path": ["monitoring", "stdout"], "values": [{"value": "===========================================================Epoch : [1/100]  Evaluation ===========================================================================================================>", "step": null, "ts": 1666309458.170843}]}, "version": 217}
{"obj": {"type": "LogStrings", "path": ["monitoring", "stdout"], "values": [{"value": "\n", "step": null, "ts": 1666309458.170843}]}, "version": 218}
{"obj": {"type": "LogStrings", "path": ["monitoring", "stdout"], "values": [{"value": "Training Results : ", "step": null, "ts": 1666309458.170843}]}, "version": 219}
{"obj": {"type": "LogStrings", "path": ["monitoring", "stdout"], "values": [{"value": "\n", "step": null, "ts": 1666309458.170843}]}, "version": 220}
{"obj": {"type": "LogStrings", "path": ["monitoring", "stdout"], "values": [{"value": "Training T Loss     : 1.4892910068685359, Training T Accuracy      : 0.3317550505050505, Training T Kappa      : 0.14947316713568232", "step": null, "ts": 1666309458.1728256}]}, "version": 221}
{"obj": {"type": "LogStrings", "path": ["monitoring", "stdout"], "values": [{"value": "\n", "step": null, "ts": 1666309458.1728256}]}, "version": 222}
{"obj": {"type": "LogStrings", "path": ["monitoring", "stdout"], "values": [{"value": "Training S Loss     : 2.9244028004733, Training S Accuracy      : 0.3303030303030303, Training S Kappa      : 0.04607929130165135", "step": null, "ts": 1666309458.1728256}]}, "version": 223}
{"obj": {"type": "LogStrings", "path": ["monitoring", "stdout"], "values": [{"value": "\n", "step": null, "ts": 1666309458.1728256}]}, "version": 224}
{"obj": {"type": "LogStrings", "path": ["monitoring", "stdout"], "values": [{"value": "Validation Results : ", "step": null, "ts": 1666309458.1738298}]}, "version": 225}
{"obj": {"type": "LogStrings", "path": ["monitoring", "stdout"], "values": [{"value": "\n", "step": null, "ts": 1666309458.1738298}]}, "version": 226}
{"obj": {"type": "LogStrings", "path": ["monitoring", "stdout"], "values": [{"value": "Validation T Loss   : 1.568181523570308, Validation T Accuracy : 0.14828703703703705, Validation T Kappa     : 0.027595923653102483", "step": null, "ts": 1666309458.1738298}]}, "version": 227}
{"obj": {"type": "LogStrings", "path": ["monitoring", "stdout"], "values": [{"value": "\n", "step": null, "ts": 1666309458.1748242}]}, "version": 228}
{"obj": {"type": "LogStrings", "path": ["monitoring", "stdout"], "values": [{"value": "Validation S Loss   : 3.0965469589939825, Validation S Accuracy : 0.19657407407407407, Validation S Kappa     : -0.2251478619798053", "step": null, "ts": 1666309458.1748242}]}, "version": 229}
{"obj": {"type": "LogStrings", "path": ["monitoring", "stdout"], "values": [{"value": "\n", "step": null, "ts": 1666309458.1748242}]}, "version": 230}
{"obj": {"type": "LogFloats", "path": ["train", "epoch", "epoch_train_t_loss"], "values": [{"value": 1.4892910068685359, "step": null, "ts": 1666309458.1748242}]}, "version": 231}
{"obj": {"type": "LogFloats", "path": ["train", "epoch", "epoch_train_s_loss"], "values": [{"value": 2.9244028004733, "step": null, "ts": 1666309458.175825}]}, "version": 232}
{"obj": {"type": "LogFloats", "path": ["train", "epoch", "epoch_val_t_loss"], "values": [{"value": 1.568181523570308, "step": null, "ts": 1666309458.175825}]}, "version": 233}
{"obj": {"type": "LogFloats", "path": ["train", "epoch", "epoch_val_s_loss"], "values": [{"value": 3.0965469589939825, "step": null, "ts": 1666309458.175825}]}, "version": 234}
{"obj": {"type": "LogFloats", "path": ["train", "epoch", "epoch_train_t_accuracy"], "values": [{"value": 0.3317550505050505, "step": null, "ts": 1666309458.175825}]}, "version": 235}
{"obj": {"type": "LogFloats", "path": ["train", "epoch", "epoch_train_s_accuracy"], "values": [{"value": 0.3303030303030303, "step": null, "ts": 1666309458.175825}]}, "version": 236}
{"obj": {"type": "LogFloats", "path": ["train", "epoch", "epoch_val_t_accuracy"], "values": [{"value": 0.14828703703703705, "step": null, "ts": 1666309458.1768258}]}, "version": 237}
{"obj": {"type": "LogFloats", "path": ["train", "epoch", "epoch_val_s_accuracy"], "values": [{"value": 0.19657407407407407, "step": null, "ts": 1666309458.1768258}]}, "version": 238}
{"obj": {"type": "LogFloats", "path": ["train", "epoch", "epoch_train_t_Kappa"], "values": [{"value": 0.14947316713568232, "step": null, "ts": 1666309458.1768258}]}, "version": 239}
{"obj": {"type": "LogFloats", "path": ["train", "epoch", "epoch_train_s_Kappa"], "values": [{"value": 0.04607929130165135, "step": null, "ts": 1666309458.1768258}]}, "version": 240}
{"obj": {"type": "LogFloats", "path": ["train", "epoch", "epoch_val_t_Kappa"], "values": [{"value": 0.027595923653102483, "step": null, "ts": 1666309458.1768258}]}, "version": 241}
{"obj": {"type": "LogFloats", "path": ["train", "epoch", "epoch_val_s_Kappa"], "values": [{"value": -0.2251478619798053, "step": null, "ts": 1666309458.177825}]}, "version": 242}
{"obj": {"type": "LogFloats", "path": ["model", "bestmodel_acc"], "values": [{"value": 1.0, "step": null, "ts": 1666309458.177825}]}, "version": 243}
{"obj": {"type": "LogStrings", "path": ["monitoring", "stdout"], "values": [{"value": "================================================================================================", "step": null, "ts": 1666309458.177825}]}, "version": 244}
{"obj": {"type": "LogStrings", "path": ["monitoring", "stdout"], "values": [{"value": "\n", "step": null, "ts": 1666309458.1788235}]}, "version": 245}
{"obj": {"type": "LogStrings", "path": ["monitoring", "stdout"], "values": [{"value": "                                          Saving Best Model (ACC)                                     ", "step": null, "ts": 1666309458.1788235}]}, "version": 246}
{"obj": {"type": "LogStrings", "path": ["monitoring", "stdout"], "values": [{"value": "\n", "step": null, "ts": 1666309458.1788235}]}, "version": 247}
{"obj": {"type": "LogStrings", "path": ["monitoring", "stdout"], "values": [{"value": "================================================================================================", "step": null, "ts": 1666309458.1788235}]}, "version": 248}
{"obj": {"type": "LogStrings", "path": ["monitoring", "stdout"], "values": [{"value": "\n", "step": null, "ts": 1666309458.1798282}]}, "version": 249}
{"obj": {"type": "LogStrings", "path": ["monitoring", "traceback"], "values": [{"value": "An uncaught exception occurred while run was active on worker DESKTOP-J9LNDPA.", "step": null, "ts": 1666309458.946441}, {"value": "Marking run as failed", "step": null, "ts": 1666309458.946441}, {"value": "Traceback:", "step": null, "ts": 1666309458.946441}, {"value": "  File \"F:\\EarEEG_KnowledgeDistillation\\main.py\", line 147, in <module>\n    main()\n", "step": null, "ts": 1666309458.946441}, {"value": "  File \"F:\\EarEEG_KnowledgeDistillation\\main.py\", line 143, in main\n    KD_online_training(Net_s,Net_t,train_data_loader,val_data_loader,criterion_ce,criterion_mse,optimizer_t, optimizer_s,args,device)\n", "step": null, "ts": 1666309458.946441}, {"value": "  File \"F:\\EarEEG_KnowledgeDistillation\\Model\\Training.py\", line 475, in KD_online_training\n    torch.save(Net_t, f'{args.project_path}/model_check_points/teacher_checkpoint_acc.pth.tar')\n", "step": null, "ts": 1666309458.946441}, {"value": "  File \"C:\\Users\\MithunjhaAnandakumar\\AppData\\Local\\Programs\\Python\\Python39\\lib\\site-packages\\torch\\serialization.py\", line 380, in save\n    return\n", "step": null, "ts": 1666309458.946441}, {"value": "  File \"C:\\Users\\MithunjhaAnandakumar\\AppData\\Local\\Programs\\Python\\Python39\\lib\\site-packages\\torch\\serialization.py\", line 259, in __exit__\n    self.file_like.write_end_of_file()\n", "step": null, "ts": 1666309458.946441}, {"value": "[enforce fail at ..\\caffe2\\serialize\\inline_container.cc:300] . unexpected pos 6418624 vs 6418520", "step": null, "ts": 1666309458.946441}]}, "version": 250}
{"obj": {"type": "AssignBool", "path": ["sys", "failed"], "value": true}, "version": 251}
{"obj": {"type": "LogStrings", "path": ["monitoring", "stderr"], "values": [{"value": "Traceback (most recent call last):\n", "step": null, "ts": 1666309458.9474432}]}, "version": 252}
{"obj": {"type": "LogStrings", "path": ["monitoring", "stderr"], "values": [{"value": "  File \"C:\\Users\\MithunjhaAnandakumar\\AppData\\Local\\Programs\\Python\\Python39\\lib\\site-packages\\torch\\serialization.py\", line 379, in save\n", "step": null, "ts": 1666309458.9474432}]}, "version": 253}
{"obj": {"type": "LogStrings", "path": ["monitoring", "stderr"], "values": [{"value": "    ", "step": null, "ts": 1666309458.9484603}]}, "version": 254}
{"obj": {"type": "LogStrings", "path": ["monitoring", "stderr"], "values": [{"value": "_save(obj, opened_zipfile, pickle_module, pickle_protocol)", "step": null, "ts": 1666309458.9484603}]}, "version": 255}
{"obj": {"type": "LogStrings", "path": ["monitoring", "stderr"], "values": [{"value": "\n", "step": null, "ts": 1666309458.9484603}]}, "version": 256}
{"obj": {"type": "LogStrings", "path": ["monitoring", "stderr"], "values": [{"value": "  File \"C:\\Users\\MithunjhaAnandakumar\\AppData\\Local\\Programs\\Python\\Python39\\lib\\site-packages\\torch\\serialization.py\", line 499, in _save\n", "step": null, "ts": 1666309458.9494464}]}, "version": 257}
{"obj": {"type": "LogStrings", "path": ["monitoring", "stderr"], "values": [{"value": "    ", "step": null, "ts": 1666309458.9494464}]}, "version": 258}
{"obj": {"type": "LogStrings", "path": ["monitoring", "stderr"], "values": [{"value": "zip_file.write_record(name, storage.data_ptr(), num_bytes)", "step": null, "ts": 1666309458.9504454}]}, "version": 259}
{"obj": {"type": "LogStrings", "path": ["monitoring", "stderr"], "values": [{"value": "\n", "step": null, "ts": 1666309458.9504454}]}, "version": 260}
{"obj": {"type": "LogStrings", "path": ["monitoring", "stderr"], "values": [{"value": "KeyboardInterrupt", "step": null, "ts": 1666309458.9504454}]}, "version": 261}
{"obj": {"type": "LogStrings", "path": ["monitoring", "stderr"], "values": [{"value": "", "step": null, "ts": 1666309458.9504454}]}, "version": 262}
{"obj": {"type": "LogStrings", "path": ["monitoring", "stderr"], "values": [{"value": "\n", "step": null, "ts": 1666309458.9514456}]}, "version": 263}
{"obj": {"type": "LogStrings", "path": ["monitoring", "stderr"], "values": [{"value": "\nDuring handling of the above exception, another exception occurred:\n\n", "step": null, "ts": 1666309458.9524415}]}, "version": 264}
{"obj": {"type": "LogStrings", "path": ["monitoring", "stderr"], "values": [{"value": "Traceback (most recent call last):\n", "step": null, "ts": 1666309458.9524415}]}, "version": 265}
{"obj": {"type": "LogStrings", "path": ["monitoring", "stderr"], "values": [{"value": "  File \"F:\\EarEEG_KnowledgeDistillation\\main.py\", line 147, in <module>\n", "step": null, "ts": 1666309458.9534423}]}, "version": 266}
{"obj": {"type": "LogStrings", "path": ["monitoring", "stderr"], "values": [{"value": "    ", "step": null, "ts": 1666309458.9544446}]}, "version": 267}
{"obj": {"type": "LogFloats", "path": ["monitoring", "cpu"], "values": [{"value": 46.5, "step": null, "ts": 1666309458.944443}]}, "version": 268}
{"obj": {"type": "LogFloats", "path": ["monitoring", "memory"], "values": [{"value": 7.173759460449219, "step": null, "ts": 1666309458.944443}]}, "version": 269}
{"obj": {"type": "LogFloats", "path": ["monitoring", "gpu_memory"], "values": [{"value": 1.0937652587890625, "step": null, "ts": 1666309458.944443}]}, "version": 270}
{"obj": {"type": "LogStrings", "path": ["monitoring", "stderr"], "values": [{"value": "main()", "step": null, "ts": 1666309458.9554427}]}, "version": 271}
{"obj": {"type": "LogStrings", "path": ["monitoring", "stderr"], "values": [{"value": "\n", "step": null, "ts": 1666309458.9554427}]}, "version": 272}
{"obj": {"type": "LogStrings", "path": ["monitoring", "stderr"], "values": [{"value": "  File \"F:\\EarEEG_KnowledgeDistillation\\main.py\", line 143, in main\n", "step": null, "ts": 1666309458.95648}]}, "version": 273}
{"obj": {"type": "LogStrings", "path": ["monitoring", "stderr"], "values": [{"value": "    ", "step": null, "ts": 1666309458.95648}]}, "version": 274}
{"obj": {"type": "LogStrings", "path": ["monitoring", "stderr"], "values": [{"value": "KD_online_training(Net_s,Net_t,train_data_loader,val_data_loader,criterion_ce,criterion_mse,optimizer_t, optimizer_s,args,device)", "step": null, "ts": 1666309458.9574463}]}, "version": 275}
{"obj": {"type": "LogStrings", "path": ["monitoring", "stderr"], "values": [{"value": "\n", "step": null, "ts": 1666309458.9574463}]}, "version": 276}
{"obj": {"type": "LogStrings", "path": ["monitoring", "stderr"], "values": [{"value": "  File \"F:\\EarEEG_KnowledgeDistillation\\Model\\Training.py\", line 475, in KD_online_training\n", "step": null, "ts": 1666309458.9584424}]}, "version": 277}
{"obj": {"type": "LogStrings", "path": ["monitoring", "stderr"], "values": [{"value": "    ", "step": null, "ts": 1666309458.9594631}]}, "version": 278}
{"obj": {"type": "LogStrings", "path": ["monitoring", "stderr"], "values": [{"value": "torch.save(Net_t, f'{args.project_path}/model_check_points/teacher_checkpoint_acc.pth.tar')", "step": null, "ts": 1666309458.9594631}]}, "version": 279}
{"obj": {"type": "LogStrings", "path": ["monitoring", "stderr"], "values": [{"value": "\n", "step": null, "ts": 1666309458.9604452}]}, "version": 280}
{"obj": {"type": "LogStrings", "path": ["monitoring", "stderr"], "values": [{"value": "  File \"C:\\Users\\MithunjhaAnandakumar\\AppData\\Local\\Programs\\Python\\Python39\\lib\\site-packages\\torch\\serialization.py\", line 380, in save\n", "step": null, "ts": 1666309458.9604452}]}, "version": 281}
{"obj": {"type": "LogStrings", "path": ["monitoring", "stderr"], "values": [{"value": "    ", "step": null, "ts": 1666309458.9614472}]}, "version": 282}
{"obj": {"type": "LogStrings", "path": ["monitoring", "stderr"], "values": [{"value": "return", "step": null, "ts": 1666309458.9624438}]}, "version": 283}
{"obj": {"type": "LogStrings", "path": ["monitoring", "stderr"], "values": [{"value": "\n", "step": null, "ts": 1666309458.9624438}]}, "version": 284}
{"obj": {"type": "LogStrings", "path": ["monitoring", "stderr"], "values": [{"value": "  File \"C:\\Users\\MithunjhaAnandakumar\\AppData\\Local\\Programs\\Python\\Python39\\lib\\site-packages\\torch\\serialization.py\", line 259, in __exit__\n", "step": null, "ts": 1666309458.9654639}]}, "version": 285}
{"obj": {"type": "LogStrings", "path": ["monitoring", "stderr"], "values": [{"value": "    ", "step": null, "ts": 1666309458.9694493}]}, "version": 286}
{"obj": {"type": "LogStrings", "path": ["monitoring", "stderr"], "values": [{"value": "self.file_like.write_end_of_file()", "step": null, "ts": 1666309458.9694493}]}, "version": 287}
{"obj": {"type": "LogStrings", "path": ["monitoring", "stderr"], "values": [{"value": "\n", "step": null, "ts": 1666309458.9704576}]}, "version": 288}
{"obj": {"type": "LogStrings", "path": ["monitoring", "stderr"], "values": [{"value": "RuntimeError", "step": null, "ts": 1666309458.972487}]}, "version": 289}
{"obj": {"type": "LogStrings", "path": ["monitoring", "stderr"], "values": [{"value": ": ", "step": null, "ts": 1666309458.973453}]}, "version": 290}
{"obj": {"type": "LogStrings", "path": ["monitoring", "stderr"], "values": [{"value": "[enforce fail at ..\\caffe2\\serialize\\inline_container.cc:300] . unexpected pos 6418624 vs 6418520", "step": null, "ts": 1666309458.973453}]}, "version": 291}
{"obj": {"type": "LogStrings", "path": ["monitoring", "stderr"], "values": [{"value": "\n", "step": null, "ts": 1666309458.9744482}]}, "version": 292}
