{"obj": {"type": "AssignString", "path": ["sys", "name"], "value": "Untitled"}, "version": 1}
{"obj": {"type": "AssignString", "path": ["sys", "description"], "value": ""}, "version": 2}
{"obj": {"type": "AssignString", "path": ["sys", "hostname"], "value": "DESKTOP-J9LNDPA"}, "version": 3}
{"obj": {"type": "AssignBool", "path": ["sys", "failed"], "value": false}, "version": 4}
{"obj": {"type": "ClearStringLog", "path": ["monitoring", "stdout"]}, "version": 5}
{"obj": {"type": "ClearStringLog", "path": ["monitoring", "stderr"]}, "version": 6}
{"obj": {"type": "AssignString", "path": ["source_code", "entrypoint"], "value": "KD_main.py"}, "version": 7}
{"obj": {"type": "UploadFileSet", "path": ["source_code", "files"], "file_globs": ["f:\\EarEEG_KnowledgeDistillation\\KD_main.py"], "reset": "False"}, "version": 8}
{"obj": {"type": "ConfigFloatSeries", "path": ["monitoring", "cpu"], "min": 0.0, "max": 100.0, "unit": "%"}, "version": 9}
{"obj": {"type": "ClearFloatLog", "path": ["monitoring", "cpu"]}, "version": 10}
{"obj": {"type": "ConfigFloatSeries", "path": ["monitoring", "memory"], "min": 0.0, "max": 7.880100250244141, "unit": "GB"}, "version": 11}
{"obj": {"type": "ClearFloatLog", "path": ["monitoring", "memory"]}, "version": 12}
{"obj": {"type": "ConfigFloatSeries", "path": ["monitoring", "gpu"], "min": 0.0, "max": 100.0, "unit": "%"}, "version": 13}
{"obj": {"type": "ClearFloatLog", "path": ["monitoring", "gpu"]}, "version": 14}
{"obj": {"type": "ConfigFloatSeries", "path": ["monitoring", "gpu_memory"], "min": 0.0, "max": 2.0, "unit": "GB"}, "version": 15}
{"obj": {"type": "ClearFloatLog", "path": ["monitoring", "gpu_memory"]}, "version": 16}
{"obj": {"type": "LogStrings", "path": ["monitoring", "stdout"], "values": [{"value": "===========================================================Training Epoch : [1/100] ===========================================================================================================>", "step": null, "ts": 1650609106.5907872}]}, "version": 17}
{"obj": {"type": "LogStrings", "path": ["monitoring", "stdout"], "values": [{"value": "\n", "step": null, "ts": 1650609106.594776}]}, "version": 18}
{"obj": {"type": "LogFloats", "path": ["monitoring", "cpu"], "values": [{"value": 8.6, "step": null, "ts": 1650609106.5838108}]}, "version": 19}
{"obj": {"type": "LogFloats", "path": ["monitoring", "memory"], "values": [{"value": 4.47894287109375, "step": null, "ts": 1650609106.5838108}]}, "version": 20}
{"obj": {"type": "LogFloats", "path": ["monitoring", "gpu_memory"], "values": [{"value": 0.4512786865234375, "step": null, "ts": 1650609106.5838108}]}, "version": 21}
{"obj": {"type": "LogStrings", "path": ["monitoring", "traceback"], "values": [{"value": "An uncaught exception occurred while run was active on worker DESKTOP-J9LNDPA.", "step": null, "ts": 1650609106.729439}, {"value": "Marking run as failed", "step": null, "ts": 1650609106.729439}, {"value": "Traceback:", "step": null, "ts": 1650609106.729439}, {"value": "  File \"f:\\EarEEG_KnowledgeDistillation\\KD_main.py\", line 95, in <module>\n    KD_online_training(Net_s,Net_t,train_data_loader,val_data_loader,criterion_ce,criterion_mse,optimizer_t, optimizer_s,experiment,n_epochs,device,is_neptune=True)\n", "step": null, "ts": 1650609106.729439}, {"value": "  File \"f:\\EarEEG_KnowledgeDistillation\\Model\\Training.py\", line 309, in KD_online_training\n    sig4 = psg[:,:,3,:]# c3-01\n", "step": null, "ts": 1650609106.729439}, {"value": "index 3 is out of bounds for dimension 2 with size 3", "step": null, "ts": 1650609106.729439}]}, "version": 22}
{"obj": {"type": "AssignBool", "path": ["sys", "failed"], "value": true}, "version": 23}
{"obj": {"type": "LogStrings", "path": ["monitoring", "stderr"], "values": [{"value": "Traceback (most recent call last):\n", "step": null, "ts": 1650609106.730432}]}, "version": 24}
{"obj": {"type": "LogStrings", "path": ["monitoring", "stderr"], "values": [{"value": "  File \"f:\\EarEEG_KnowledgeDistillation\\KD_main.py\", line 95, in <module>\n", "step": null, "ts": 1650609106.730432}]}, "version": 25}
{"obj": {"type": "LogStrings", "path": ["monitoring", "stderr"], "values": [{"value": "    ", "step": null, "ts": 1650609106.731431}]}, "version": 26}
{"obj": {"type": "LogStrings", "path": ["monitoring", "stderr"], "values": [{"value": "KD_online_training(Net_s,Net_t,train_data_loader,val_data_loader,criterion_ce,criterion_mse,optimizer_t, optimizer_s,experiment,n_epochs,device,is_neptune=True)", "step": null, "ts": 1650609106.731431}]}, "version": 27}
{"obj": {"type": "LogStrings", "path": ["monitoring", "stderr"], "values": [{"value": "\n", "step": null, "ts": 1650609106.7324271}]}, "version": 28}
{"obj": {"type": "LogStrings", "path": ["monitoring", "stderr"], "values": [{"value": "  File \"f:\\EarEEG_KnowledgeDistillation\\Model\\Training.py\", line 309, in KD_online_training\n", "step": null, "ts": 1650609106.7324271}]}, "version": 29}
{"obj": {"type": "LogStrings", "path": ["monitoring", "stderr"], "values": [{"value": "    ", "step": null, "ts": 1650609106.7334259}]}, "version": 30}
{"obj": {"type": "LogStrings", "path": ["monitoring", "stderr"], "values": [{"value": "sig4 = psg[:,:,3,:]# c3-01", "step": null, "ts": 1650609106.7334259}]}, "version": 31}
{"obj": {"type": "LogStrings", "path": ["monitoring", "stderr"], "values": [{"value": "\n", "step": null, "ts": 1650609106.734459}]}, "version": 32}
{"obj": {"type": "LogStrings", "path": ["monitoring", "stderr"], "values": [{"value": "IndexError", "step": null, "ts": 1650609106.734459}]}, "version": 33}
{"obj": {"type": "LogStrings", "path": ["monitoring", "stderr"], "values": [{"value": ": ", "step": null, "ts": 1650609106.734459}]}, "version": 34}
{"obj": {"type": "LogStrings", "path": ["monitoring", "stderr"], "values": [{"value": "index 3 is out of bounds for dimension 2 with size 3", "step": null, "ts": 1650609106.734459}]}, "version": 35}
{"obj": {"type": "LogStrings", "path": ["monitoring", "stderr"], "values": [{"value": "\n", "step": null, "ts": 1650609106.734459}]}, "version": 36}
